<?xml version="1.0" encoding="UTF-8"?>
<coverage generated="1512492654">
  <project timestamp="1512492654">
    <package name="RobBrazier\Piwik\Config">
      <file name="/usr/src/app/src/RobBrazier/Piwik/Config/Option.php">
        <class name="Option" namespace="RobBrazier\Piwik\Config">
          <metrics complexity="0" methods="0" coveredmethods="0" conditionals="0" coveredconditionals="0" statements="0" coveredstatements="0" elements="0" coveredelements="0"/>
        </class>
        <metrics loc="15" ncloc="15" classes="0" methods="0" coveredmethods="0" conditionals="0" coveredconditionals="0" statements="0" coveredstatements="0" elements="0" coveredelements="0"/>
      </file>
    </package>
    <package name="RobBrazier\Piwik\Exception">
      <file name="/usr/src/app/src/RobBrazier/Piwik/Exception/PiwikException.php">
        <class name="PiwikException" namespace="RobBrazier\Piwik\Exception">
          <metrics complexity="0" methods="0" coveredmethods="0" conditionals="0" coveredconditionals="0" statements="0" coveredstatements="0" elements="0" coveredelements="0"/>
        </class>
        <metrics loc="8" ncloc="8" classes="0" methods="0" coveredmethods="0" conditionals="0" coveredconditionals="0" statements="0" coveredstatements="0" elements="0" coveredelements="0"/>
      </file>
    </package>
    <package name="RobBrazier\Piwik\Facades">
      <file name="/usr/src/app/src/RobBrazier/Piwik/Facades/Piwik.php">
        <class name="Piwik" namespace="RobBrazier\Piwik\Facades">
          <metrics complexity="1" methods="0" coveredmethods="0" conditionals="0" coveredconditionals="0" statements="0" coveredstatements="0" elements="0" coveredelements="0"/>
        </class>
        <metrics loc="16" ncloc="11" classes="0" methods="0" coveredmethods="0" conditionals="0" coveredconditionals="0" statements="0" coveredstatements="0" elements="0" coveredelements="0"/>
      </file>
    </package>
    <package name="RobBrazier\Piwik\Module">
      <file name="/usr/src/app/src/RobBrazier/Piwik/Module/APIModule.php">
        <class name="APIModule" namespace="RobBrazier\Piwik\Module" fullPackage="RobBrazier" package="RobBrazier">
          <metrics complexity="11" methods="11" coveredmethods="11" conditionals="0" coveredconditionals="0" statements="44" coveredstatements="44" elements="55" coveredelements="55"/>
        </class>
        <line num="16" type="method" name="getPiwikVersion" visibility="public" complexity="1" crap="1" count="2"/>
        <line num="17" type="stmt" count="2"/>
        <line num="18" type="stmt" count="2"/>
        <line num="19" type="stmt" count="2"/>
        <line num="20" type="stmt" count="2"/>
        <line num="27" type="method" name="getIpFromHeader" visibility="public" complexity="1" crap="1" count="1"/>
        <line num="28" type="stmt" count="1"/>
        <line num="29" type="stmt" count="1"/>
        <line num="30" type="stmt" count="1"/>
        <line num="31" type="stmt" count="1"/>
        <line num="38" type="method" name="getSettings" visibility="public" complexity="1" crap="1" count="1"/>
        <line num="39" type="stmt" count="1"/>
        <line num="40" type="stmt" count="1"/>
        <line num="41" type="stmt" count="1"/>
        <line num="42" type="stmt" count="1"/>
        <line num="50" type="method" name="getSegmentsMetadata" visibility="public" complexity="1" crap="1" count="1"/>
        <line num="51" type="stmt" count="1"/>
        <line num="53" type="stmt" count="1"/>
        <line num="55" type="stmt" count="1"/>
        <line num="56" type="stmt" count="1"/>
        <line num="57" type="stmt" count="1"/>
        <line num="58" type="stmt" count="1"/>
        <line num="59" type="stmt" count="1"/>
        <line num="67" type="method" name="getMetadata" visibility="public" complexity="1" crap="1" count="1"/>
        <line num="68" type="stmt" count="1"/>
        <line num="69" type="stmt" count="1"/>
        <line num="78" type="method" name="getReportMetadata" visibility="public" complexity="1" crap="1" count="1"/>
        <line num="79" type="stmt" count="1"/>
        <line num="80" type="stmt" count="1"/>
        <line num="81" type="stmt" count="1"/>
        <line num="82" type="stmt" count="1"/>
        <line num="83" type="stmt" count="1"/>
        <line num="84" type="stmt" count="1"/>
        <line num="85" type="stmt" count="1"/>
        <line num="95" type="method" name="getProcessedReport" visibility="public" complexity="1" crap="1" count="1"/>
        <line num="96" type="stmt" count="1"/>
        <line num="97" type="stmt" count="1"/>
        <line num="98" type="stmt" count="1"/>
        <line num="99" type="stmt" count="1"/>
        <line num="106" type="method" name="getReportPagesMetadata" visibility="public" complexity="1" crap="1" count="1"/>
        <line num="107" type="stmt" count="1"/>
        <line num="108" type="stmt" count="1"/>
        <line num="109" type="stmt" count="1"/>
        <line num="116" type="method" name="getWidgetMetadata" visibility="public" complexity="1" crap="1" count="1"/>
        <line num="117" type="stmt" count="1"/>
        <line num="118" type="stmt" count="1"/>
        <line num="119" type="stmt" count="1"/>
        <line num="127" type="method" name="get" visibility="public" complexity="1" crap="1" count="1"/>
        <line num="128" type="stmt" count="1"/>
        <line num="129" type="stmt" count="1"/>
        <line num="139" type="method" name="getRowEvolution" visibility="public" complexity="1" crap="1" count="1"/>
        <line num="140" type="stmt" count="1"/>
        <line num="141" type="stmt" count="1"/>
        <line num="142" type="stmt" count="1"/>
        <line num="143" type="stmt" count="1"/>
        <metrics loc="146" ncloc="86" classes="1" methods="11" coveredmethods="11" conditionals="0" coveredconditionals="0" statements="44" coveredstatements="44" elements="55" coveredelements="55"/>
      </file>
      <file name="/usr/src/app/src/RobBrazier/Piwik/Module/ActionsModule.php">
        <class name="ActionsModule" namespace="RobBrazier\Piwik\Module" fullPackage="RobBrazier" package="RobBrazier">
          <metrics complexity="18" methods="18" coveredmethods="18" conditionals="0" coveredconditionals="0" statements="40" coveredstatements="40" elements="58" coveredelements="58"/>
        </class>
        <line num="16" type="method" name="get" visibility="public" complexity="1" crap="1" count="1"/>
        <line num="17" type="stmt" count="1"/>
        <line num="18" type="stmt" count="1"/>
        <line num="26" type="method" name="getPageUrls" visibility="public" complexity="1" crap="1" count="1"/>
        <line num="27" type="stmt" count="1"/>
        <line num="28" type="stmt" count="1"/>
        <line num="36" type="method" name="getPageUrlsFollowingSiteSearch" visibility="public" complexity="1" crap="1" count="1"/>
        <line num="37" type="stmt" count="1"/>
        <line num="38" type="stmt" count="1"/>
        <line num="46" type="method" name="getPageTitlesFollowingSiteSearch" visibility="public" complexity="1" crap="1" count="1"/>
        <line num="47" type="stmt" count="1"/>
        <line num="48" type="stmt" count="1"/>
        <line num="56" type="method" name="getEntryPageUrls" visibility="public" complexity="1" crap="1" count="1"/>
        <line num="57" type="stmt" count="1"/>
        <line num="58" type="stmt" count="1"/>
        <line num="66" type="method" name="getExitPageUrls" visibility="public" complexity="1" crap="1" count="1"/>
        <line num="67" type="stmt" count="1"/>
        <line num="68" type="stmt" count="1"/>
        <line num="77" type="method" name="getPageUrl" visibility="public" complexity="1" crap="1" count="1"/>
        <line num="78" type="stmt" count="1"/>
        <line num="79" type="stmt" count="1"/>
        <line num="80" type="stmt" count="1"/>
        <line num="88" type="method" name="getPageTitles" visibility="public" complexity="1" crap="1" count="2"/>
        <line num="89" type="stmt" count="2"/>
        <line num="90" type="stmt" count="2"/>
        <line num="98" type="method" name="getEntryPageTitles" visibility="public" complexity="1" crap="1" count="1"/>
        <line num="99" type="stmt" count="1"/>
        <line num="100" type="stmt" count="1"/>
        <line num="108" type="method" name="getExitPageTitles" visibility="public" complexity="1" crap="1" count="1"/>
        <line num="109" type="stmt" count="1"/>
        <line num="110" type="stmt" count="1"/>
        <line num="119" type="method" name="getPageTitle" visibility="public" complexity="1" crap="1" count="1"/>
        <line num="120" type="stmt" count="1"/>
        <line num="121" type="stmt" count="1"/>
        <line num="122" type="stmt" count="1"/>
        <line num="130" type="method" name="getDownloads" visibility="public" complexity="1" crap="1" count="2"/>
        <line num="131" type="stmt" count="2"/>
        <line num="132" type="stmt" count="2"/>
        <line num="141" type="method" name="getDownload" visibility="public" complexity="1" crap="1" count="1"/>
        <line num="142" type="stmt" count="1"/>
        <line num="143" type="stmt" count="1"/>
        <line num="144" type="stmt" count="1"/>
        <line num="152" type="method" name="getOutlinks" visibility="public" complexity="1" crap="1" count="2"/>
        <line num="153" type="stmt" count="2"/>
        <line num="154" type="stmt" count="2"/>
        <line num="163" type="method" name="getOutlink" visibility="public" complexity="1" crap="1" count="1"/>
        <line num="164" type="stmt" count="1"/>
        <line num="165" type="stmt" count="1"/>
        <line num="166" type="stmt" count="1"/>
        <line num="174" type="method" name="getSiteSearchKeywords" visibility="public" complexity="1" crap="1" count="1"/>
        <line num="175" type="stmt" count="1"/>
        <line num="176" type="stmt" count="1"/>
        <line num="184" type="method" name="getSiteSearchNoResultKeywords" visibility="public" complexity="1" crap="1" count="1"/>
        <line num="185" type="stmt" count="1"/>
        <line num="186" type="stmt" count="1"/>
        <line num="194" type="method" name="getSiteSearchCategories" visibility="public" complexity="1" crap="1" count="1"/>
        <line num="195" type="stmt" count="1"/>
        <line num="196" type="stmt" count="1"/>
        <metrics loc="199" ncloc="101" classes="1" methods="18" coveredmethods="18" conditionals="0" coveredconditionals="0" statements="40" coveredstatements="40" elements="58" coveredelements="58"/>
      </file>
      <file name="/usr/src/app/src/RobBrazier/Piwik/Module/EventsModule.php">
        <class name="EventsModule" namespace="RobBrazier\Piwik\Module" fullPackage="RobBrazier" package="RobBrazier">
          <metrics complexity="9" methods="9" coveredmethods="9" conditionals="0" coveredconditionals="0" statements="18" coveredstatements="18" elements="27" coveredelements="27"/>
        </class>
        <line num="17" type="method" name="getCategory" visibility="public" complexity="1" crap="1" count="1"/>
        <line num="18" type="stmt" count="1"/>
        <line num="19" type="stmt" count="1"/>
        <line num="27" type="method" name="getAction" visibility="public" complexity="1" crap="1" count="1"/>
        <line num="28" type="stmt" count="1"/>
        <line num="29" type="stmt" count="1"/>
        <line num="37" type="method" name="getName" visibility="public" complexity="1" crap="1" count="1"/>
        <line num="38" type="stmt" count="1"/>
        <line num="39" type="stmt" count="1"/>
        <line num="47" type="method" name="getActionFromCategoryId" visibility="public" complexity="1" crap="1" count="1"/>
        <line num="48" type="stmt" count="1"/>
        <line num="49" type="stmt" count="1"/>
        <line num="57" type="method" name="getNameFromCategoryId" visibility="public" complexity="1" crap="1" count="1"/>
        <line num="58" type="stmt" count="1"/>
        <line num="59" type="stmt" count="1"/>
        <line num="67" type="method" name="getCategoryFromActionId" visibility="public" complexity="1" crap="1" count="1"/>
        <line num="68" type="stmt" count="1"/>
        <line num="69" type="stmt" count="1"/>
        <line num="77" type="method" name="getNameFromActionId" visibility="public" complexity="1" crap="1" count="1"/>
        <line num="78" type="stmt" count="1"/>
        <line num="79" type="stmt" count="1"/>
        <line num="87" type="method" name="getActionFromNameId" visibility="public" complexity="1" crap="1" count="1"/>
        <line num="88" type="stmt" count="1"/>
        <line num="89" type="stmt" count="1"/>
        <line num="97" type="method" name="getCategoryFromNameId" visibility="public" complexity="1" crap="1" count="1"/>
        <line num="98" type="stmt" count="1"/>
        <line num="99" type="stmt" count="1"/>
        <metrics loc="102" ncloc="52" classes="1" methods="9" coveredmethods="9" conditionals="0" coveredconditionals="0" statements="18" coveredstatements="18" elements="27" coveredelements="27"/>
      </file>
      <file name="/usr/src/app/src/RobBrazier/Piwik/Module/LiveModule.php">
        <class name="LiveModule" namespace="RobBrazier\Piwik\Module" fullPackage="RobBrazier" package="RobBrazier">
          <metrics complexity="13" methods="6" coveredmethods="5" conditionals="0" coveredconditionals="0" statements="59" coveredstatements="55" elements="65" coveredelements="60"/>
        </class>
        <line num="23" type="method" name="getCounters" visibility="public" complexity="1" crap="1" count="1"/>
        <line num="24" type="stmt" count="1"/>
        <line num="25" type="stmt" count="1"/>
        <line num="26" type="stmt" count="1"/>
        <line num="35" type="method" name="getLastVisitsDetails" visibility="public" complexity="2" crap="2" count="7"/>
        <line num="36" type="stmt" count="7"/>
        <line num="37" type="stmt" count="7"/>
        <line num="39" type="stmt" count="7"/>
        <line num="40" type="stmt" count="7"/>
        <line num="52" type="method" name="getLastVisitsDetailsParsed" visibility="public" complexity="6" crap="6.29" count="5"/>
        <line num="53" type="stmt" count="5"/>
        <line num="55" type="stmt" count="5"/>
        <line num="56" type="stmt" count="0"/>
        <line num="57" type="stmt" count="2"/>
        <line num="58" type="stmt" count="2"/>
        <line num="59" type="stmt" count="2"/>
        <line num="60" type="stmt" count="0"/>
        <line num="61" type="stmt" count="0"/>
        <line num="62" type="stmt" count="1"/>
        <line num="63" type="stmt" count="1"/>
        <line num="64" type="stmt" count="0"/>
        <line num="65" type="stmt" count="1"/>
        <line num="66" type="stmt" count="1"/>
        <line num="67" type="stmt" count="1"/>
        <line num="68" type="stmt" count="1"/>
        <line num="69" type="stmt" count="1"/>
        <line num="71" type="stmt" count="1"/>
        <line num="72" type="stmt" count="1"/>
        <line num="74" type="stmt" count="1"/>
        <line num="76" type="stmt" count="4"/>
        <line num="83" type="method" name="getParsedLastVisitsDetails" visibility="private" complexity="2" crap="2" count="4"/>
        <line num="84" type="stmt" count="4"/>
        <line num="85" type="stmt" count="4"/>
        <line num="86" type="stmt" count="4"/>
        <line num="87" type="stmt" count="4"/>
        <line num="88" type="stmt" count="4"/>
        <line num="89" type="stmt" count="4"/>
        <line num="92" type="stmt" count="4"/>
        <line num="93" type="stmt" count="4"/>
        <line num="95" type="stmt" count="4"/>
        <line num="96" type="stmt" count="4"/>
        <line num="98" type="stmt" count="4"/>
        <line num="99" type="stmt" count="4"/>
        <line num="101" type="stmt" count="4"/>
        <line num="102" type="stmt" count="4"/>
        <line num="103" type="stmt" count="4"/>
        <line num="104" type="stmt" count="4"/>
        <line num="105" type="stmt" count="4"/>
        <line num="106" type="stmt" count="4"/>
        <line num="107" type="stmt" count="4"/>
        <line num="108" type="stmt" count="4"/>
        <line num="109" type="stmt" count="4"/>
        <line num="110" type="stmt" count="4"/>
        <line num="111" type="stmt" count="4"/>
        <line num="112" type="stmt" count="4"/>
        <line num="115" type="stmt" count="4"/>
        <line num="124" type="method" name="getVisitorProfile" visibility="public" complexity="1" crap="1" count="1"/>
        <line num="125" type="stmt" count="1"/>
        <line num="126" type="stmt" count="1"/>
        <line num="127" type="stmt" count="1"/>
        <line num="135" type="method" name="getMostRecentVisitorId" visibility="public" complexity="1" crap="1" count="1"/>
        <line num="136" type="stmt" count="1"/>
        <line num="137" type="stmt" count="1"/>
        <line num="138" type="stmt" count="1"/>
        <line num="139" type="stmt" count="1"/>
        <metrics loc="142" ncloc="99" classes="1" methods="6" coveredmethods="5" conditionals="0" coveredconditionals="0" statements="59" coveredstatements="55" elements="65" coveredelements="60"/>
      </file>
      <file name="/usr/src/app/src/RobBrazier/Piwik/Module/Module.php">
        <class name="Module" namespace="RobBrazier\Piwik\Module">
          <metrics complexity="3" methods="3" coveredmethods="3" conditionals="0" coveredconditionals="0" statements="10" coveredstatements="10" elements="13" coveredelements="13"/>
        </class>
        <line num="19" type="method" name="__construct" visibility="public" complexity="1" crap="1" count="119"/>
        <line num="20" type="stmt" count="119"/>
        <line num="28" type="method" name="getOptions" visibility="protected" complexity="1" crap="1" count="109"/>
        <line num="29" type="stmt" count="109"/>
        <line num="30" type="stmt" count="109"/>
        <line num="31" type="stmt" count="109"/>
        <line num="32" type="stmt" count="109"/>
        <line num="33" type="stmt" count="109"/>
        <line num="34" type="stmt" count="109"/>
        <line num="35" type="stmt" count="109"/>
        <line num="42" type="method" name="getModuleName" visibility="private" complexity="1" crap="1" count="109"/>
        <line num="43" type="stmt" count="109"/>
        <line num="44" type="stmt" count="109"/>
        <metrics loc="46" ncloc="31" classes="1" methods="3" coveredmethods="3" conditionals="0" coveredconditionals="0" statements="10" coveredstatements="10" elements="13" coveredelements="13"/>
      </file>
      <file name="/usr/src/app/src/RobBrazier/Piwik/Module/ProviderModule.php">
        <class name="ProviderModule" namespace="RobBrazier\Piwik\Module" fullPackage="RobBrazier" package="RobBrazier">
          <metrics complexity="1" methods="1" coveredmethods="1" conditionals="0" coveredconditionals="0" statements="2" coveredstatements="2" elements="3" coveredelements="3"/>
        </class>
        <line num="17" type="method" name="getProvider" visibility="public" complexity="1" crap="1" count="1"/>
        <line num="18" type="stmt" count="1"/>
        <line num="19" type="stmt" count="1"/>
        <metrics loc="22" ncloc="12" classes="1" methods="1" coveredmethods="1" conditionals="0" coveredconditionals="0" statements="2" coveredstatements="2" elements="3" coveredelements="3"/>
      </file>
      <file name="/usr/src/app/src/RobBrazier/Piwik/Module/ReferrersModule.php">
        <class name="ReferrersModule" namespace="RobBrazier\Piwik\Module" fullPackage="RobBrazier" package="RobBrazier">
          <metrics complexity="19" methods="19" coveredmethods="19" conditionals="0" coveredconditionals="0" statements="40" coveredstatements="40" elements="59" coveredelements="59"/>
        </class>
        <line num="17" type="method" name="getReferrerType" visibility="public" complexity="1" crap="1" count="1"/>
        <line num="18" type="stmt" count="1"/>
        <line num="19" type="stmt" count="1"/>
        <line num="27" type="method" name="getAll" visibility="public" complexity="1" crap="1" count="1"/>
        <line num="28" type="stmt" count="1"/>
        <line num="29" type="stmt" count="1"/>
        <line num="37" type="method" name="getKeywords" visibility="public" complexity="1" crap="1" count="2"/>
        <line num="38" type="stmt" count="2"/>
        <line num="39" type="stmt" count="2"/>
        <line num="48" type="method" name="getKeywordsForPageUrl" visibility="public" complexity="1" crap="1" count="1"/>
        <line num="49" type="stmt" count="1"/>
        <line num="50" type="stmt" count="1"/>
        <line num="51" type="stmt" count="1"/>
        <line num="60" type="method" name="getKeywordsForPageTitle" visibility="public" complexity="1" crap="1" count="1"/>
        <line num="61" type="stmt" count="1"/>
        <line num="62" type="stmt" count="1"/>
        <line num="63" type="stmt" count="1"/>
        <line num="71" type="method" name="getSearchEnginesFromKeywordId" visibility="public" complexity="1" crap="1" count="1"/>
        <line num="72" type="stmt" count="1"/>
        <line num="73" type="stmt" count="1"/>
        <line num="81" type="method" name="getSearchEngines" visibility="public" complexity="1" crap="1" count="2"/>
        <line num="82" type="stmt" count="2"/>
        <line num="83" type="stmt" count="2"/>
        <line num="91" type="method" name="getKeywordsFromSearchEngineId" visibility="public" complexity="1" crap="1" count="1"/>
        <line num="92" type="stmt" count="1"/>
        <line num="93" type="stmt" count="1"/>
        <line num="101" type="method" name="getCampaigns" visibility="public" complexity="1" crap="1" count="1"/>
        <line num="102" type="stmt" count="1"/>
        <line num="103" type="stmt" count="1"/>
        <line num="111" type="method" name="getKeywordsFromCampaignId" visibility="public" complexity="1" crap="1" count="1"/>
        <line num="112" type="stmt" count="1"/>
        <line num="113" type="stmt" count="1"/>
        <line num="121" type="method" name="getWebsites" visibility="public" complexity="1" crap="1" count="2"/>
        <line num="122" type="stmt" count="2"/>
        <line num="123" type="stmt" count="2"/>
        <line num="131" type="method" name="getUrlsFromWebsiteId" visibility="public" complexity="1" crap="1" count="1"/>
        <line num="132" type="stmt" count="1"/>
        <line num="133" type="stmt" count="1"/>
        <line num="141" type="method" name="getSocials" visibility="public" complexity="1" crap="1" count="1"/>
        <line num="142" type="stmt" count="1"/>
        <line num="143" type="stmt" count="1"/>
        <line num="151" type="method" name="getUrlsForSocial" visibility="public" complexity="1" crap="1" count="1"/>
        <line num="152" type="stmt" count="1"/>
        <line num="153" type="stmt" count="1"/>
        <line num="161" type="method" name="getNumberOfDistinctSearchEngines" visibility="public" complexity="1" crap="1" count="1"/>
        <line num="162" type="stmt" count="1"/>
        <line num="163" type="stmt" count="1"/>
        <line num="171" type="method" name="getNumberOfDistinctKeywords" visibility="public" complexity="1" crap="1" count="1"/>
        <line num="172" type="stmt" count="1"/>
        <line num="173" type="stmt" count="1"/>
        <line num="181" type="method" name="getNumberOfDistinctCampaigns" visibility="public" complexity="1" crap="1" count="1"/>
        <line num="182" type="stmt" count="1"/>
        <line num="183" type="stmt" count="1"/>
        <line num="191" type="method" name="getNumberOfDistinctWebsites" visibility="public" complexity="1" crap="1" count="1"/>
        <line num="192" type="stmt" count="1"/>
        <line num="193" type="stmt" count="1"/>
        <line num="201" type="method" name="getNumberOfDistinctWebsitesUrls" visibility="public" complexity="1" crap="1" count="1"/>
        <line num="202" type="stmt" count="1"/>
        <line num="203" type="stmt" count="1"/>
        <metrics loc="206" ncloc="104" classes="1" methods="19" coveredmethods="19" conditionals="0" coveredconditionals="0" statements="40" coveredstatements="40" elements="59" coveredelements="59"/>
      </file>
      <file name="/usr/src/app/src/RobBrazier/Piwik/Module/SEOModule.php">
        <class name="SEOModule" namespace="RobBrazier\Piwik\Module" fullPackage="RobBrazier" package="RobBrazier">
          <metrics complexity="3" methods="3" coveredmethods="3" conditionals="0" coveredconditionals="0" statements="10" coveredstatements="10" elements="13" coveredelements="13"/>
        </class>
        <line num="24" type="method" name="__construct" visibility="public" complexity="1" crap="1" count="4"/>
        <line num="25" type="stmt" count="4"/>
        <line num="26" type="stmt" count="4"/>
        <line num="34" type="method" name="getRank" visibility="public" complexity="1" crap="1" count="3"/>
        <line num="36" type="stmt" count="3"/>
        <line num="38" type="stmt" count="3"/>
        <line num="39" type="stmt" count="3"/>
        <line num="40" type="stmt" count="3"/>
        <line num="41" type="stmt" count="3"/>
        <line num="42" type="stmt" count="3"/>
        <line num="50" type="method" name="getRankFromSiteId" visibility="public" complexity="1" crap="1" count="2"/>
        <line num="51" type="stmt" count="2"/>
        <line num="52" type="stmt" count="2"/>
        <metrics loc="54" ncloc="31" classes="1" methods="3" coveredmethods="3" conditionals="0" coveredconditionals="0" statements="10" coveredstatements="10" elements="13" coveredelements="13"/>
      </file>
      <file name="/usr/src/app/src/RobBrazier/Piwik/Module/SitesManagerModule.php">
        <class name="SitesManagerModule" namespace="RobBrazier\Piwik\Module" fullPackage="RobBrazier" package="RobBrazier">
          <metrics complexity="14" methods="13" coveredmethods="13" conditionals="0" coveredconditionals="0" statements="58" coveredstatements="58" elements="71" coveredelements="71"/>
        </class>
        <line num="17" type="method" name="getSitesFromGroup" visibility="public" complexity="1" crap="1" count="1"/>
        <line num="19" type="stmt" count="1"/>
        <line num="21" type="stmt" count="1"/>
        <line num="22" type="stmt" count="1"/>
        <line num="23" type="stmt" count="1"/>
        <line num="24" type="stmt" count="1"/>
        <line num="25" type="stmt" count="1"/>
        <line num="32" type="method" name="getSiteGroups" visibility="public" complexity="1" crap="1" count="1"/>
        <line num="33" type="stmt" count="1"/>
        <line num="34" type="stmt" count="1"/>
        <line num="35" type="stmt" count="1"/>
        <line num="36" type="stmt" count="1"/>
        <line num="43" type="method" name="getSitesFromId" visibility="public" complexity="1" crap="1" count="1"/>
        <line num="44" type="stmt" count="1"/>
        <line num="45" type="stmt" count="1"/>
        <line num="46" type="stmt" count="1"/>
        <line num="54" type="method" name="getSiteUrlsFromId" visibility="public" complexity="2" crap="2" count="3"/>
        <line num="55" type="stmt" count="3"/>
        <line num="56" type="stmt" count="3"/>
        <line num="57" type="stmt" count="3"/>
        <line num="58" type="stmt" count="2"/>
        <line num="60" type="stmt" count="3"/>
        <line num="67" type="method" name="getAllSites" visibility="public" complexity="1" crap="1" count="1"/>
        <line num="68" type="stmt" count="1"/>
        <line num="69" type="stmt" count="1"/>
        <line num="70" type="stmt" count="1"/>
        <line num="71" type="stmt" count="1"/>
        <line num="78" type="method" name="getAllSitesId" visibility="public" complexity="1" crap="1" count="1"/>
        <line num="79" type="stmt" count="1"/>
        <line num="80" type="stmt" count="1"/>
        <line num="81" type="stmt" count="1"/>
        <line num="82" type="stmt" count="1"/>
        <line num="90" type="method" name="getSitesWithAdminAccess" visibility="public" complexity="1" crap="1" count="1"/>
        <line num="91" type="stmt" count="1"/>
        <line num="92" type="stmt" count="1"/>
        <line num="93" type="stmt" count="1"/>
        <line num="94" type="stmt" count="1"/>
        <line num="95" type="stmt" count="1"/>
        <line num="102" type="method" name="getSitesWithViewAccess" visibility="public" complexity="1" crap="1" count="1"/>
        <line num="103" type="stmt" count="1"/>
        <line num="104" type="stmt" count="1"/>
        <line num="105" type="stmt" count="1"/>
        <line num="106" type="stmt" count="1"/>
        <line num="114" type="method" name="getSitesWithAtLeastViewAccess" visibility="public" complexity="1" crap="1" count="1"/>
        <line num="115" type="stmt" count="1"/>
        <line num="116" type="stmt" count="1"/>
        <line num="117" type="stmt" count="1"/>
        <line num="118" type="stmt" count="1"/>
        <line num="119" type="stmt" count="1"/>
        <line num="126" type="method" name="getSitesIdWithAdminAccess" visibility="public" complexity="1" crap="1" count="1"/>
        <line num="127" type="stmt" count="1"/>
        <line num="128" type="stmt" count="1"/>
        <line num="129" type="stmt" count="1"/>
        <line num="130" type="stmt" count="1"/>
        <line num="137" type="method" name="getSitesIdWithViewAccess" visibility="public" complexity="1" crap="1" count="1"/>
        <line num="138" type="stmt" count="1"/>
        <line num="139" type="stmt" count="1"/>
        <line num="140" type="stmt" count="1"/>
        <line num="141" type="stmt" count="1"/>
        <line num="149" type="method" name="getSitesIdWithAtLeastViewAccess" visibility="public" complexity="1" crap="1" count="1"/>
        <line num="150" type="stmt" count="1"/>
        <line num="151" type="stmt" count="1"/>
        <line num="152" type="stmt" count="1"/>
        <line num="153" type="stmt" count="1"/>
        <line num="161" type="method" name="getSitesIdFromSiteUrl" visibility="public" complexity="1" crap="1" count="1"/>
        <line num="163" type="stmt" count="1"/>
        <line num="165" type="stmt" count="1"/>
        <line num="166" type="stmt" count="1"/>
        <line num="167" type="stmt" count="1"/>
        <line num="168" type="stmt" count="1"/>
        <line num="169" type="stmt" count="1"/>
        <metrics loc="174" ncloc="112" classes="1" methods="13" coveredmethods="13" conditionals="0" coveredconditionals="0" statements="58" coveredstatements="58" elements="71" coveredelements="71"/>
      </file>
      <file name="/usr/src/app/src/RobBrazier/Piwik/Module/VisitorInterestModule.php">
        <class name="VisitorInterestModule" namespace="RobBrazier\Piwik\Module" fullPackage="RobBrazier" package="RobBrazier">
          <metrics complexity="4" methods="4" coveredmethods="4" conditionals="0" coveredconditionals="0" statements="8" coveredstatements="8" elements="12" coveredelements="12"/>
        </class>
        <line num="17" type="method" name="getNumberOfVisitsPerVisitDuration" visibility="public" complexity="1" crap="1" count="1"/>
        <line num="18" type="stmt" count="1"/>
        <line num="19" type="stmt" count="1"/>
        <line num="27" type="method" name="getNumberOfVisitsPerPage" visibility="public" complexity="1" crap="1" count="1"/>
        <line num="28" type="stmt" count="1"/>
        <line num="29" type="stmt" count="1"/>
        <line num="37" type="method" name="getNumberOfVisitsByDaysSinceLast" visibility="public" complexity="1" crap="1" count="1"/>
        <line num="38" type="stmt" count="1"/>
        <line num="39" type="stmt" count="1"/>
        <line num="47" type="method" name="getNumberOfVisitsByVisitCount" visibility="public" complexity="1" crap="1" count="1"/>
        <line num="48" type="stmt" count="1"/>
        <line num="49" type="stmt" count="1"/>
        <metrics loc="52" ncloc="27" classes="1" methods="4" coveredmethods="4" conditionals="0" coveredconditionals="0" statements="8" coveredstatements="8" elements="12" coveredelements="12"/>
      </file>
      <file name="/usr/src/app/src/RobBrazier/Piwik/Module/VisitsSummaryModule.php">
        <class name="VisitsSummaryModule" namespace="RobBrazier\Piwik\Module" fullPackage="RobBrazier" package="RobBrazier">
          <metrics complexity="10" methods="10" coveredmethods="10" conditionals="0" coveredconditionals="0" statements="20" coveredstatements="20" elements="30" coveredelements="30"/>
        </class>
        <line num="17" type="method" name="get" visibility="public" complexity="1" crap="1" count="1"/>
        <line num="18" type="stmt" count="1"/>
        <line num="19" type="stmt" count="1"/>
        <line num="27" type="method" name="getVisits" visibility="public" complexity="1" crap="1" count="2"/>
        <line num="28" type="stmt" count="2"/>
        <line num="29" type="stmt" count="2"/>
        <line num="37" type="method" name="getUniqueVisitors" visibility="public" complexity="1" crap="1" count="2"/>
        <line num="38" type="stmt" count="2"/>
        <line num="39" type="stmt" count="2"/>
        <line num="47" type="method" name="getUsers" visibility="public" complexity="1" crap="1" count="1"/>
        <line num="48" type="stmt" count="1"/>
        <line num="49" type="stmt" count="1"/>
        <line num="57" type="method" name="getActions" visibility="public" complexity="1" crap="1" count="2"/>
        <line num="58" type="stmt" count="2"/>
        <line num="59" type="stmt" count="2"/>
        <line num="67" type="method" name="getMaxActions" visibility="public" complexity="1" crap="1" count="1"/>
        <line num="68" type="stmt" count="1"/>
        <line num="69" type="stmt" count="1"/>
        <line num="77" type="method" name="getBounceCount" visibility="public" complexity="1" crap="1" count="1"/>
        <line num="78" type="stmt" count="1"/>
        <line num="79" type="stmt" count="1"/>
        <line num="87" type="method" name="getVisitsConverted" visibility="public" complexity="1" crap="1" count="1"/>
        <line num="88" type="stmt" count="1"/>
        <line num="89" type="stmt" count="1"/>
        <line num="97" type="method" name="getSumVisitsLength" visibility="public" complexity="1" crap="1" count="1"/>
        <line num="98" type="stmt" count="1"/>
        <line num="99" type="stmt" count="1"/>
        <line num="107" type="method" name="getSumVisitsLengthPretty" visibility="public" complexity="1" crap="1" count="1"/>
        <line num="108" type="stmt" count="1"/>
        <line num="109" type="stmt" count="1"/>
        <metrics loc="112" ncloc="57" classes="1" methods="10" coveredmethods="10" conditionals="0" coveredconditionals="0" statements="20" coveredstatements="20" elements="30" coveredelements="30"/>
      </file>
    </package>
    <package name="RobBrazier\Piwik">
      <file name="/usr/src/app/src/RobBrazier/Piwik/Piwik.php">
        <class name="Piwik" namespace="RobBrazier\Piwik" fullPackage="RobBrazier" package="RobBrazier">
          <metrics complexity="29" methods="28" coveredmethods="28" conditionals="0" coveredconditionals="0" statements="36" coveredstatements="36" elements="64" coveredelements="64"/>
        </class>
        <line num="41" type="method" name="__construct" visibility="public" complexity="1" crap="1" count="26"/>
        <line num="42" type="stmt" count="26"/>
        <line num="43" type="stmt" count="26"/>
        <line num="53" type="method" name="convertUrl" visibility="protected" complexity="2" crap="2" count="2"/>
        <line num="54" type="stmt" count="2"/>
        <line num="55" type="stmt" count="2"/>
        <line num="56" type="stmt" count="2"/>
        <line num="57" type="stmt" count="2"/>
        <line num="67" type="method" name="getActions" visibility="public" complexity="1" crap="1" count="4"/>
        <line num="68" type="stmt" count="4"/>
        <line num="78" type="method" name="getAPI" visibility="public" complexity="1" crap="1" count="2"/>
        <line num="79" type="stmt" count="2"/>
        <line num="89" type="method" name="getEvents" visibility="public" complexity="1" crap="1" count="1"/>
        <line num="90" type="stmt" count="1"/>
        <line num="100" type="method" name="getLive" visibility="public" complexity="1" crap="1" count="3"/>
        <line num="101" type="stmt" count="3"/>
        <line num="111" type="method" name="getProvider" visibility="public" complexity="1" crap="1" count="1"/>
        <line num="112" type="stmt" count="1"/>
        <line num="122" type="method" name="getReferrers" visibility="public" complexity="1" crap="1" count="4"/>
        <line num="123" type="stmt" count="4"/>
        <line num="133" type="method" name="getSEO" visibility="public" complexity="1" crap="1" count="2"/>
        <line num="134" type="stmt" count="2"/>
        <line num="144" type="method" name="getSitesManager" visibility="public" complexity="1" crap="1" count="3"/>
        <line num="145" type="stmt" count="3"/>
        <line num="155" type="method" name="getVisitorInterest" visibility="public" complexity="1" crap="1" count="1"/>
        <line num="156" type="stmt" count="1"/>
        <line num="166" type="method" name="getVisitsSummary" visibility="public" complexity="1" crap="1" count="4"/>
        <line num="167" type="stmt" count="4"/>
        <line num="176" type="method" name="getTag" visibility="public" complexity="1" crap="1" count="2"/>
        <line num="177" type="stmt" count="2"/>
        <line num="178" type="stmt" count="2"/>
        <line num="190" type="stmt" count="2"/>
        <line num="191" type="stmt" count="2"/>
        <line num="192" type="stmt" count="2"/>
        <line num="203" type="method" name="getCustom" visibility="public" complexity="1" crap="1" count="1"/>
        <line num="204" type="stmt" count="1"/>
        <line num="215" type="method" name="actions" visibility="public" complexity="1" crap="1" count="1"/>
        <line num="216" type="stmt" count="1"/>
        <line num="227" type="method" name="downloads" visibility="public" complexity="1" crap="1" count="1"/>
        <line num="228" type="stmt" count="1"/>
        <line num="239" type="method" name="keywords" visibility="public" complexity="1" crap="1" count="1"/>
        <line num="240" type="stmt" count="1"/>
        <line num="252" type="method" name="last_visits" visibility="public" complexity="1" crap="1" count="1"/>
        <line num="253" type="stmt" count="1"/>
        <line num="264" type="method" name="last_visits_parsed" visibility="public" complexity="1" crap="1" count="1"/>
        <line num="265" type="stmt" count="1"/>
        <line num="276" type="method" name="outlinks" visibility="public" complexity="1" crap="1" count="1"/>
        <line num="277" type="stmt" count="1"/>
        <line num="289" type="method" name="page_titles" visibility="public" complexity="1" crap="1" count="1"/>
        <line num="290" type="stmt" count="1"/>
        <line num="301" type="method" name="search_engines" visibility="public" complexity="1" crap="1" count="1"/>
        <line num="302" type="stmt" count="1"/>
        <line num="313" type="method" name="unique_visitors" visibility="public" complexity="1" crap="1" count="1"/>
        <line num="314" type="stmt" count="1"/>
        <line num="325" type="method" name="visits" visibility="public" complexity="1" crap="1" count="1"/>
        <line num="326" type="stmt" count="1"/>
        <line num="337" type="method" name="websites" visibility="public" complexity="1" crap="1" count="1"/>
        <line num="338" type="stmt" count="1"/>
        <line num="350" type="method" name="seo_rank" visibility="public" complexity="1" crap="1" count="1"/>
        <line num="351" type="stmt" count="1"/>
        <line num="361" type="method" name="tag" visibility="public" complexity="1" crap="1" count="1"/>
        <line num="362" type="stmt" count="1"/>
        <line num="374" type="method" name="version" visibility="public" complexity="1" crap="1" count="1"/>
        <line num="375" type="stmt" count="1"/>
        <metrics loc="378" ncloc="163" classes="1" methods="28" coveredmethods="28" conditionals="0" coveredconditionals="0" statements="36" coveredstatements="36" elements="64" coveredelements="64"/>
      </file>
    </package>
    <package name="RobBrazier\Piwik\Query">
      <file name="/usr/src/app/src/RobBrazier/Piwik/Query/QueryDate.php">
        <class name="QueryDate" namespace="RobBrazier\Piwik\Query">
          <metrics complexity="3" methods="3" coveredmethods="3" conditionals="0" coveredconditionals="0" statements="4" coveredstatements="4" elements="7" coveredelements="7"/>
        </class>
        <line num="23" type="method" name="__construct" visibility="public" complexity="1" crap="1" count="5"/>
        <line num="24" type="stmt" count="5"/>
        <line num="25" type="stmt" count="5"/>
        <line num="32" type="method" name="getPeriod" visibility="public" complexity="1" crap="1" count="8"/>
        <line num="33" type="stmt" count="8"/>
        <line num="39" type="method" name="getDate" visibility="public" complexity="1" crap="1" count="8"/>
        <line num="40" type="stmt" count="8"/>
        <metrics loc="42" ncloc="25" classes="1" methods="3" coveredmethods="3" conditionals="0" coveredconditionals="0" statements="4" coveredstatements="4" elements="7" coveredelements="7"/>
      </file>
      <file name="/usr/src/app/src/RobBrazier/Piwik/Query/QueryDates.php">
        <class name="QueryDates" namespace="RobBrazier\Piwik\Query">
          <metrics complexity="6" methods="3" coveredmethods="3" conditionals="0" coveredconditionals="0" statements="18" coveredstatements="18" elements="21" coveredelements="21"/>
        </class>
        <line num="27" type="method" name="__construct" visibility="private" complexity="1" crap="1" count="1"/>
        <line num="28" type="stmt" count="1"/>
        <line num="29" type="stmt" count="1"/>
        <line num="30" type="stmt" count="1"/>
        <line num="31" type="stmt" count="1"/>
        <line num="32" type="stmt" count="1"/>
        <line num="33" type="stmt" count="1"/>
        <line num="34" type="stmt" count="1"/>
        <line num="35" type="stmt" count="1"/>
        <line num="36" type="stmt" count="1"/>
        <line num="37" type="stmt" count="1"/>
        <line num="45" type="method" name="getInstance" visibility="public" complexity="2" crap="2" count="10"/>
        <line num="46" type="stmt" count="10"/>
        <line num="47" type="stmt" count="1"/>
        <line num="49" type="stmt" count="10"/>
        <line num="56" type="method" name="get" visibility="public" complexity="3" crap="3" count="9"/>
        <line num="57" type="stmt" count="9"/>
        <line num="58" type="stmt" count="7"/>
        <line num="59" type="stmt" count="2"/>
        <line num="60" type="stmt" count="1"/>
        <line num="62" type="stmt" count="1"/>
        <metrics loc="65" ncloc="49" classes="1" methods="3" coveredmethods="3" conditionals="0" coveredconditionals="0" statements="18" coveredstatements="18" elements="21" coveredelements="21"/>
      </file>
      <file name="/usr/src/app/src/RobBrazier/Piwik/Query/Url.php">
        <class name="Url" namespace="RobBrazier\Piwik\Query">
          <metrics complexity="10" methods="7" coveredmethods="7" conditionals="0" coveredconditionals="0" statements="21" coveredstatements="21" elements="28" coveredelements="28"/>
        </class>
        <line num="35" type="method" name="__construct" visibility="public" complexity="2" crap="2" count="7"/>
        <line num="36" type="stmt" count="7"/>
        <line num="37" type="stmt" count="7"/>
        <line num="38" type="stmt" count="1"/>
        <line num="40" type="stmt" count="7"/>
        <line num="41" type="stmt" count="7"/>
        <line num="42" type="stmt" count="7"/>
        <line num="43" type="stmt" count="7"/>
        <line num="52" type="method" name="getPart" visibility="private" complexity="1" crap="1" count="7"/>
        <line num="53" type="stmt" count="7"/>
        <line num="59" type="method" name="setScheme" visibility="public" complexity="1" crap="1" count="3"/>
        <line num="60" type="stmt" count="3"/>
        <line num="66" type="method" name="setHost" visibility="public" complexity="1" crap="1" count="1"/>
        <line num="67" type="stmt" count="1"/>
        <line num="73" type="method" name="setPort" visibility="public" complexity="1" crap="1" count="1"/>
        <line num="74" type="stmt" count="1"/>
        <line num="80" type="method" name="setPath" visibility="public" complexity="1" crap="1" count="1"/>
        <line num="81" type="stmt" count="1"/>
        <line num="87" type="method" name="__toString" visibility="public" complexity="3" crap="3" count="6"/>
        <line num="88" type="stmt" count="6"/>
        <line num="89" type="stmt" count="6"/>
        <line num="90" type="stmt" count="6"/>
        <line num="91" type="stmt" count="4"/>
        <line num="92" type="stmt" count="4"/>
        <line num="94" type="stmt" count="6"/>
        <line num="95" type="stmt" count="4"/>
        <line num="96" type="stmt" count="4"/>
        <line num="99" type="stmt" count="6"/>
        <metrics loc="102" ncloc="65" classes="1" methods="7" coveredmethods="7" conditionals="0" coveredconditionals="0" statements="21" coveredstatements="21" elements="28" coveredelements="28"/>
      </file>
      <file name="/usr/src/app/src/RobBrazier/Piwik/Query/UrlQueryBuilder.php">
        <class name="UrlQueryBuilder" namespace="RobBrazier\Piwik\Query">
          <metrics complexity="12" methods="9" coveredmethods="9" conditionals="0" coveredconditionals="0" statements="25" coveredstatements="25" elements="34" coveredelements="34"/>
        </class>
        <line num="20" type="method" name="setModule" visibility="public" complexity="1" crap="1" count="14"/>
        <line num="21" type="stmt" count="14"/>
        <line num="22" type="stmt" count="14"/>
        <line num="29" type="method" name="setMethod" visibility="public" complexity="1" crap="1" count="14"/>
        <line num="30" type="stmt" count="14"/>
        <line num="31" type="stmt" count="14"/>
        <line num="38" type="method" name="setDate" visibility="public" complexity="1" crap="1" count="5"/>
        <line num="39" type="stmt" count="5"/>
        <line num="40" type="stmt" count="5"/>
        <line num="41" type="stmt" count="5"/>
        <line num="48" type="method" name="setSiteId" visibility="public" complexity="1" crap="1" count="14"/>
        <line num="49" type="stmt" count="14"/>
        <line num="50" type="stmt" count="14"/>
        <line num="57" type="method" name="setFormat" visibility="public" complexity="1" crap="1" count="6"/>
        <line num="58" type="stmt" count="6"/>
        <line num="59" type="stmt" count="6"/>
        <line num="66" type="method" name="setTokenAuth" visibility="public" complexity="1" crap="1" count="14"/>
        <line num="67" type="stmt" count="14"/>
        <line num="68" type="stmt" count="14"/>
        <line num="76" type="method" name="add" visibility="public" complexity="2" crap="2" count="14"/>
        <line num="77" type="stmt" count="14"/>
        <line num="78" type="stmt" count="14"/>
        <line num="80" type="stmt" count="14"/>
        <line num="87" type="method" name="addAll" visibility="public" complexity="2" crap="2" count="14"/>
        <line num="88" type="stmt" count="14"/>
        <line num="89" type="stmt" count="2"/>
        <line num="91" type="stmt" count="14"/>
        <line num="97" type="method" name="build" visibility="public" complexity="2" crap="2" count="14"/>
        <line num="98" type="stmt" count="14"/>
        <line num="99" type="stmt" count="14"/>
        <line num="100" type="stmt" count="14"/>
        <line num="101" type="stmt" count="14"/>
        <line num="102" type="stmt" count="14"/>
        <line num="104" type="stmt" count="14"/>
        <metrics loc="106" ncloc="70" classes="1" methods="9" coveredmethods="9" conditionals="0" coveredconditionals="0" statements="25" coveredstatements="25" elements="34" coveredelements="34"/>
      </file>
    </package>
    <package name="RobBrazier\Piwik\Repository\Config">
      <file name="/usr/src/app/src/RobBrazier/Piwik/Repository/Config/FileConfigRepository.php">
        <class name="FileConfigRepository" namespace="RobBrazier\Piwik\Repository\Config">
          <metrics complexity="1" methods="1" coveredmethods="1" conditionals="0" coveredconditionals="0" statements="1" coveredstatements="1" elements="2" coveredelements="2"/>
        </class>
        <line num="9" type="method" name="get" visibility="public" complexity="1" crap="1" count="1"/>
        <line num="10" type="stmt" count="1"/>
        <metrics loc="11" ncloc="11" classes="1" methods="1" coveredmethods="1" conditionals="0" coveredconditionals="0" statements="1" coveredstatements="1" elements="2" coveredelements="2"/>
      </file>
    </package>
    <file name="/usr/src/app/src/RobBrazier/Piwik/Repository/ConfigRepository.php">
      <metrics loc="15" ncloc="8" classes="0" methods="0" coveredmethods="0" conditionals="0" coveredconditionals="0" statements="0" coveredstatements="0" elements="0" coveredelements="0"/>
    </file>
    <package name="RobBrazier\Piwik\Repository\Request">
      <file name="/usr/src/app/src/RobBrazier/Piwik/Repository/Request/GuzzleRequestRepository.php">
        <class name="GuzzleRequestRepository" namespace="RobBrazier\Piwik\Repository\Request">
          <metrics complexity="7" methods="4" coveredmethods="3" conditionals="0" coveredconditionals="0" statements="24" coveredstatements="21" elements="28" coveredelements="24"/>
        </class>
        <line num="29" type="method" name="__construct" visibility="public" complexity="1" crap="1" count="3"/>
        <line num="31" type="stmt" count="3"/>
        <line num="32" type="stmt" count="3"/>
        <line num="35" type="method" name="send" visibility="public" complexity="1" crap="1" count="3"/>
        <line num="36" type="stmt" count="3"/>
        <line num="37" type="stmt" count="3"/>
        <line num="44" type="method" name="getResponseBody" visibility="private" complexity="1" crap="1" count="3"/>
        <line num="45" type="stmt" count="3"/>
        <line num="47" type="stmt" count="3"/>
        <line num="48" type="stmt" count="3"/>
        <line num="49" type="stmt" count="3"/>
        <line num="51" type="stmt" count="3"/>
        <line num="52" type="stmt" count="3"/>
        <line num="53" type="stmt" count="3"/>
        <line num="61" type="method" name="decode" visibility="private" complexity="4" crap="4.20" count="3"/>
        <line num="62" type="stmt" count="3"/>
        <line num="63" type="stmt" count="3"/>
        <line num="64" type="stmt" count="0"/>
        <line num="65" type="stmt" count="1"/>
        <line num="66" type="stmt" count="1"/>
        <line num="67" type="stmt" count="0"/>
        <line num="68" type="stmt" count="1"/>
        <line num="69" type="stmt" count="1"/>
        <line num="70" type="stmt" count="1"/>
        <line num="71" type="stmt" count="1"/>
        <line num="72" type="stmt" count="0"/>
        <line num="74" type="stmt" count="1"/>
        <line num="76" type="stmt" count="3"/>
        <metrics loc="78" ncloc="63" classes="1" methods="4" coveredmethods="3" conditionals="0" coveredconditionals="0" statements="24" coveredstatements="21" elements="28" coveredelements="24"/>
      </file>
    </package>
    <file name="/usr/src/app/src/RobBrazier/Piwik/Repository/RequestRepository.php">
      <metrics loc="16" ncloc="10" classes="0" methods="0" coveredmethods="0" conditionals="0" coveredconditionals="0" statements="0" coveredstatements="0" elements="0" coveredelements="0"/>
    </file>
    <package name="RobBrazier\Piwik\Request">
      <file name="/usr/src/app/src/RobBrazier/Piwik/Request/RequestOptions.php">
        <class name="RequestOptions" namespace="RobBrazier\Piwik\Request">
          <metrics complexity="19" methods="12" coveredmethods="12" conditionals="0" coveredconditionals="0" statements="46" coveredstatements="46" elements="58" coveredelements="58"/>
        </class>
        <line num="66" type="method" name="setMethod" visibility="public" complexity="1" crap="1" count="110"/>
        <line num="67" type="stmt" count="110"/>
        <line num="68" type="stmt" count="110"/>
        <line num="75" type="method" name="usePeriod" visibility="public" complexity="1" crap="1" count="132"/>
        <line num="76" type="stmt" count="132"/>
        <line num="77" type="stmt" count="132"/>
        <line num="84" type="method" name="setSiteId" visibility="public" complexity="1" crap="1" count="3"/>
        <line num="85" type="stmt" count="3"/>
        <line num="86" type="stmt" count="3"/>
        <line num="87" type="stmt" count="3"/>
        <line num="94" type="method" name="useSiteId" visibility="public" complexity="1" crap="1" count="132"/>
        <line num="95" type="stmt" count="132"/>
        <line num="96" type="stmt" count="132"/>
        <line num="103" type="method" name="getSiteId" visibility="private" complexity="2" crap="2" count="13"/>
        <line num="104" type="stmt" count="13"/>
        <line num="105" type="stmt" count="13"/>
        <line num="106" type="stmt" count="4"/>
        <line num="108" type="stmt" count="13"/>
        <line num="115" type="method" name="setFormat" visibility="public" complexity="2" crap="2" count="111"/>
        <line num="116" type="stmt" count="111"/>
        <line num="117" type="stmt" count="6"/>
        <line num="118" type="stmt" count="6"/>
        <line num="120" type="stmt" count="111"/>
        <line num="127" type="method" name="useFormat" visibility="public" complexity="1" crap="1" count="132"/>
        <line num="128" type="stmt" count="132"/>
        <line num="129" type="stmt" count="132"/>
        <line num="136" type="method" name="getFormat" visibility="public" complexity="2" crap="2" count="13"/>
        <line num="137" type="stmt" count="13"/>
        <line num="138" type="stmt" count="13"/>
        <line num="139" type="stmt" count="4"/>
        <line num="141" type="stmt" count="13"/>
        <line num="148" type="method" name="useTokenAuth" visibility="public" complexity="1" crap="1" count="132"/>
        <line num="149" type="stmt" count="132"/>
        <line num="150" type="stmt" count="132"/>
        <line num="157" type="method" name="getTokenAuth" visibility="private" complexity="2" crap="2" count="13"/>
        <line num="158" type="stmt" count="13"/>
        <line num="159" type="stmt" count="13"/>
        <line num="160" type="stmt" count="4"/>
        <line num="162" type="stmt" count="13"/>
        <line num="169" type="method" name="setArguments" visibility="public" complexity="2" crap="2" count="95"/>
        <line num="170" type="stmt" count="95"/>
        <line num="171" type="stmt" count="1"/>
        <line num="173" type="stmt" count="95"/>
        <line num="174" type="stmt" count="95"/>
        <line num="181" type="method" name="build" visibility="public" complexity="3" crap="3" count="13"/>
        <line num="182" type="stmt" count="13"/>
        <line num="183" type="stmt" count="13"/>
        <line num="184" type="stmt" count="13"/>
        <line num="185" type="stmt" count="13"/>
        <line num="186" type="stmt" count="4"/>
        <line num="187" type="stmt" count="4"/>
        <line num="189" type="stmt" count="13"/>
        <line num="190" type="stmt" count="13"/>
        <line num="191" type="stmt" count="13"/>
        <line num="192" type="stmt" count="5"/>
        <line num="194" type="stmt" count="13"/>
        <line num="195" type="stmt" count="13"/>
        <line num="196" type="stmt" count="13"/>
        <metrics loc="200" ncloc="122" classes="1" methods="12" coveredmethods="12" conditionals="0" coveredconditionals="0" statements="46" coveredstatements="46" elements="58" coveredelements="58"/>
      </file>
    </package>
    <package name="RobBrazier\Piwik\Traits">
      <file name="/usr/src/app/src/RobBrazier/Piwik/Traits/ConfigTrait.php">
        <class name="ConfigTrait" namespace="RobBrazier\Piwik\Traits">
          <metrics complexity="4" methods="4" coveredmethods="4" conditionals="0" coveredconditionals="0" statements="4" coveredstatements="4" elements="8" coveredelements="8"/>
        </class>
        <line num="19" type="method" name="__construct" complexity="1" crap="1" count="31"/>
        <line num="20" type="stmt" count="31"/>
        <line num="28" type="method" name="getSiteId" complexity="1" crap="1" count="3"/>
        <line num="29" type="stmt" count="3"/>
        <line num="37" type="method" name="getPiwikUrl" complexity="1" crap="1" count="6"/>
        <line num="38" type="stmt" count="6"/>
        <line num="45" type="method" name="get" visibility="private" complexity="1" crap="1" count="7"/>
        <line num="46" type="stmt" count="7"/>
        <metrics loc="48" ncloc="27" classes="1" methods="4" coveredmethods="4" conditionals="0" coveredconditionals="0" statements="4" coveredstatements="4" elements="8" coveredelements="8"/>
      </file>
      <file name="/usr/src/app/src/RobBrazier/Piwik/Traits/DateTrait.php">
        <class name="DateTrait" namespace="RobBrazier\Piwik\Traits">
          <metrics complexity="1" methods="1" coveredmethods="1" conditionals="0" coveredconditionals="0" statements="1" coveredstatements="1" elements="2" coveredelements="2"/>
        </class>
        <line num="18" type="method" name="getDate" visibility="public" complexity="1" crap="1" count="5"/>
        <line num="19" type="stmt" count="5"/>
        <metrics loc="21" ncloc="13" classes="1" methods="1" coveredmethods="1" conditionals="0" coveredconditionals="0" statements="1" coveredstatements="1" elements="2" coveredelements="2"/>
      </file>
      <file name="/usr/src/app/src/RobBrazier/Piwik/Traits/FormatTrait.php">
        <class name="FormatTrait" namespace="RobBrazier\Piwik\Traits">
          <metrics complexity="2" methods="1" coveredmethods="1" conditionals="0" coveredconditionals="0" statements="3" coveredstatements="3" elements="4" coveredelements="4"/>
        </class>
        <line num="19" type="method" name="validateFormat" visibility="public" complexity="2" crap="2" count="12"/>
        <line num="20" type="stmt" count="12"/>
        <line num="21" type="stmt" count="1"/>
        <line num="23" type="stmt" count="11"/>
        <metrics loc="25" ncloc="18" classes="1" methods="1" coveredmethods="1" conditionals="0" coveredconditionals="0" statements="3" coveredstatements="3" elements="4" coveredelements="4"/>
      </file>
    </package>
    <metrics files="27" loc="2401" ncloc="1390" classes="22" methods="170" coveredmethods="168" conditionals="0" coveredconditionals="0" statements="492" coveredstatements="485" elements="662" coveredelements="653"/>
  </project>
</coverage>
